Weather service @ 30/08/17 04:00:00
Found cities: 3
Fetching data for city: Helsinki
Network connectivity OK! Fetched data nicely
Date: 2017-08-30 Minimum: 55.0 Maximum: 66.0
Date: 2017-08-31 Minimum: 58.0 Maximum: 63.0
Date: 2017-09-01 Minimum: 50.0 Maximum: 65.0
Date: 2017-09-02 Minimum: 48.0 Maximum: 64.0
Date: 2017-09-03 Minimum: 47.0 Maximum: 62.0
No alert found for this forecast
Fetching data for city: Oulu
Network connectivity OK! Fetched data nicely
Date: 2017-08-30 Minimum: 53.0 Maximum: 61.0
Date: 2017-08-31 Minimum: 51.0 Maximum: 61.0
Date: 2017-09-01 Minimum: 47.0 Maximum: 59.0
Date: 2017-09-02 Minimum: 48.0 Maximum: 59.0
Date: 2017-09-03 Minimum: 48.0 Maximum: 60.0
No alert found for this forecast
Fetching data for city: Rovaniemi
Network connectivity OK! Fetched data nicely
Date: 2017-08-30 Minimum: 48.0 Maximum: 61.0
Date: 2017-08-31 Minimum: 46.0 Maximum: 62.0
Date: 2017-09-01 Minimum: 41.0 Maximum: 57.0
Date: 2017-09-02 Minimum: 43.0 Maximum: 55.0
Date: 2017-09-03 Minimum: 44.0 Maximum: 59.0
Weather alert @ 2017-09-01 and forecasted temperature: 41.0
Weather alert @ 2017-09-02 and forecasted temperature: 43.0
Weather alert @ 2017-09-03 and forecasted temperature: 44.0
*** *** *** *** *** *** *** *** *** ***
Weather service @ 30/08/17 04:00:03
Found cities: 3
Fetching data for city: Helsinki
Network connectivity OK! Fetched data nicely
Date: 2017-08-30 Minimum: 55.0 Maximum: 66.0
Date: 2017-08-31 Minimum: 58.0 Maximum: 63.0
Date: 2017-09-01 Minimum: 50.0 Maximum: 65.0
Date: 2017-09-02 Minimum: 48.0 Maximum: 64.0
Date: 2017-09-03 Minimum: 47.0 Maximum: 62.0
No alert found for this forecast
Fetching data for city: Oulu
Network connectivity OK! Fetched data nicely
Date: 2017-08-30 Minimum: 53.0 Maximum: 61.0
Date: 2017-08-31 Minimum: 51.0 Maximum: 61.0
Date: 2017-09-01 Minimum: 47.0 Maximum: 59.0
Date: 2017-09-02 Minimum: 48.0 Maximum: 59.0
Date: 2017-09-03 Minimum: 48.0 Maximum: 60.0
No alert found for this forecast
Fetching data for city: Rovaniemi
Network connectivity OK! Fetched data nicely
Date: 2017-08-30 Minimum: 48.0 Maximum: 61.0
Date: 2017-08-31 Minimum: 46.0 Maximum: 62.0
Date: 2017-09-01 Minimum: 41.0 Maximum: 57.0
Date: 2017-09-02 Minimum: 43.0 Maximum: 55.0
Date: 2017-09-03 Minimum: 44.0 Maximum: 59.0
Weather alert @ 2017-09-01 and forecasted temperature: 41.0
Weather alert @ 2017-09-02 and forecasted temperature: 43.0
Weather alert @ 2017-09-03 and forecasted temperature: 44.0
*** *** *** *** *** *** *** *** *** ***
Weather service @ 30/08/17 04:00:04
Found cities: 3
Fetching data for city: Helsinki
Network connectivity OK! Fetched data nicely
Date: 2017-08-30 Minimum: 55.0 Maximum: 66.0
Date: 2017-08-31 Minimum: 58.0 Maximum: 63.0
Date: 2017-09-01 Minimum: 50.0 Maximum: 65.0
Date: 2017-09-02 Minimum: 48.0 Maximum: 64.0
Date: 2017-09-03 Minimum: 47.0 Maximum: 62.0
No alert found for this forecast
Fetching data for city: Oulu
Network connectivity OK! Fetched data nicely
Date: 2017-08-30 Minimum: 53.0 Maximum: 61.0
Date: 2017-08-31 Minimum: 51.0 Maximum: 61.0
Date: 2017-09-01 Minimum: 47.0 Maximum: 59.0
Date: 2017-09-02 Minimum: 48.0 Maximum: 59.0
Date: 2017-09-03 Minimum: 48.0 Maximum: 60.0
No alert found for this forecast
Fetching data for city: Rovaniemi
Network connectivity OK! Fetched data nicely
Date: 2017-08-30 Minimum: 48.0 Maximum: 61.0
Date: 2017-08-31 Minimum: 46.0 Maximum: 62.0
Date: 2017-09-01 Minimum: 41.0 Maximum: 57.0
Date: 2017-09-02 Minimum: 43.0 Maximum: 55.0
Date: 2017-09-03 Minimum: 44.0 Maximum: 59.0
Weather alert @ 2017-09-01 and forecasted temperature: 41.0
Weather alert @ 2017-09-02 and forecasted temperature: 43.0
Weather alert @ 2017-09-03 and forecasted temperature: 44.0
*** *** *** *** *** *** *** *** *** ***
Weather service @ 30/08/17 04:00:05
Found cities: 3
Fetching data for city: Helsinki
Network connectivity OK! Fetched data nicely
Date: 2017-08-30 Minimum: 55.0 Maximum: 66.0
Date: 2017-08-31 Minimum: 58.0 Maximum: 63.0
Date: 2017-09-01 Minimum: 50.0 Maximum: 65.0
Date: 2017-09-02 Minimum: 48.0 Maximum: 64.0
Date: 2017-09-03 Minimum: 47.0 Maximum: 62.0
No alert found for this forecast
Fetching data for city: Oulu
Network connectivity OK! Fetched data nicely
Date: 2017-08-30 Minimum: 53.0 Maximum: 61.0
Date: 2017-08-31 Minimum: 51.0 Maximum: 61.0
Date: 2017-09-01 Minimum: 47.0 Maximum: 59.0
Date: 2017-09-02 Minimum: 48.0 Maximum: 59.0
Date: 2017-09-03 Minimum: 48.0 Maximum: 60.0
No alert found for this forecast
Fetching data for city: Rovaniemi
Network connectivity OK! Fetched data nicely
Date: 2017-08-30 Minimum: 48.0 Maximum: 61.0
Date: 2017-08-31 Minimum: 46.0 Maximum: 62.0
Date: 2017-09-01 Minimum: 41.0 Maximum: 57.0
Date: 2017-09-02 Minimum: 43.0 Maximum: 55.0
Date: 2017-09-03 Minimum: 44.0 Maximum: 59.0
Weather alert @ 2017-09-01 and forecasted temperature: 41.0
Weather alert @ 2017-09-02 and forecasted temperature: 43.0
Weather alert @ 2017-09-03 and forecasted temperature: 44.0
*** *** *** *** *** *** *** *** *** ***
Weather service @ 30/08/17 04:00:06
Found cities: 3
Fetching data for city: Helsinki
Network connectivity OK! Fetched data nicely
Date: 2017-08-30 Minimum: 55.0 Maximum: 66.0
Date: 2017-08-31 Minimum: 58.0 Maximum: 63.0
Date: 2017-09-01 Minimum: 50.0 Maximum: 65.0
Date: 2017-09-02 Minimum: 48.0 Maximum: 64.0
Date: 2017-09-03 Minimum: 47.0 Maximum: 62.0
No alert found for this forecast
Fetching data for city: Oulu
Network connectivity OK! Fetched data nicely
Date: 2017-08-30 Minimum: 53.0 Maximum: 61.0
Date: 2017-08-31 Minimum: 51.0 Maximum: 61.0
Date: 2017-09-01 Minimum: 47.0 Maximum: 59.0
Date: 2017-09-02 Minimum: 48.0 Maximum: 59.0
Date: 2017-09-03 Minimum: 48.0 Maximum: 60.0
No alert found for this forecast
Fetching data for city: Rovaniemi
Network connectivity OK! Fetched data nicely
Date: 2017-08-30 Minimum: 48.0 Maximum: 61.0
Date: 2017-08-31 Minimum: 46.0 Maximum: 62.0
Date: 2017-09-01 Minimum: 41.0 Maximum: 57.0
Date: 2017-09-02 Minimum: 43.0 Maximum: 55.0
Date: 2017-09-03 Minimum: 44.0 Maximum: 59.0
Weather alert @ 2017-09-01 and forecasted temperature: 41.0
Weather alert @ 2017-09-02 and forecasted temperature: 43.0
Weather alert @ 2017-09-03 and forecasted temperature: 44.0
*** *** *** *** *** *** *** *** *** ***
Weather service @ 30/08/17 04:00:07
Found cities: 3
Fetching data for city: Helsinki
Network connectivity OK! Fetched data nicely
Date: 2017-08-30 Minimum: 55.0 Maximum: 66.0
Date: 2017-08-31 Minimum: 58.0 Maximum: 63.0
Date: 2017-09-01 Minimum: 50.0 Maximum: 65.0
Date: 2017-09-02 Minimum: 48.0 Maximum: 64.0
Date: 2017-09-03 Minimum: 47.0 Maximum: 62.0
No alert found for this forecast
Fetching data for city: Oulu
Network connectivity OK! Fetched data nicely
Date: 2017-08-30 Minimum: 53.0 Maximum: 61.0
Date: 2017-08-31 Minimum: 51.0 Maximum: 61.0
Date: 2017-09-01 Minimum: 47.0 Maximum: 59.0
Date: 2017-09-02 Minimum: 48.0 Maximum: 59.0
Date: 2017-09-03 Minimum: 48.0 Maximum: 60.0
No alert found for this forecast
Fetching data for city: Rovaniemi
Network connectivity OK! Fetched data nicely
Date: 2017-08-30 Minimum: 48.0 Maximum: 61.0
Date: 2017-08-31 Minimum: 46.0 Maximum: 62.0
Date: 2017-09-01 Minimum: 41.0 Maximum: 57.0
Date: 2017-09-02 Minimum: 43.0 Maximum: 55.0
Date: 2017-09-03 Minimum: 44.0 Maximum: 59.0
Weather alert @ 2017-09-01 and forecasted temperature: 41.0
Weather alert @ 2017-09-02 and forecasted temperature: 43.0
Weather alert @ 2017-09-03 and forecasted temperature: 44.0
*** *** *** *** *** *** *** *** *** ***
Weather service @ 30/08/17 04:00:08
Found cities: 3
Fetching data for city: Helsinki
Network connectivity OK! Fetched data nicely
Date: 2017-08-30 Minimum: 55.0 Maximum: 66.0
Date: 2017-08-31 Minimum: 58.0 Maximum: 63.0
Date: 2017-09-01 Minimum: 50.0 Maximum: 65.0
Date: 2017-09-02 Minimum: 48.0 Maximum: 64.0
Date: 2017-09-03 Minimum: 47.0 Maximum: 62.0
No alert found for this forecast
Fetching data for city: Oulu
Network connectivity OK! Fetched data nicely
Date: 2017-08-30 Minimum: 53.0 Maximum: 61.0
Date: 2017-08-31 Minimum: 51.0 Maximum: 61.0
Date: 2017-09-01 Minimum: 47.0 Maximum: 59.0
Date: 2017-09-02 Minimum: 48.0 Maximum: 59.0
Date: 2017-09-03 Minimum: 48.0 Maximum: 60.0
No alert found for this forecast
Fetching data for city: Rovaniemi
Network connectivity OK! Fetched data nicely
Date: 2017-08-30 Minimum: 48.0 Maximum: 61.0
Date: 2017-08-31 Minimum: 46.0 Maximum: 62.0
Date: 2017-09-01 Minimum: 41.0 Maximum: 57.0
Date: 2017-09-02 Minimum: 43.0 Maximum: 55.0
Date: 2017-09-03 Minimum: 44.0 Maximum: 59.0
Weather alert @ 2017-09-01 and forecasted temperature: 41.0
Weather alert @ 2017-09-02 and forecasted temperature: 43.0
Weather alert @ 2017-09-03 and forecasted temperature: 44.0
*** *** *** *** *** *** *** *** *** ***
Weather service @ 30/08/17 04:00:09
Found cities: 3
Fetching data for city: Helsinki
Network connectivity OK! Fetched data nicely
Date: 2017-08-30 Minimum: 55.0 Maximum: 66.0
Date: 2017-08-31 Minimum: 58.0 Maximum: 63.0
Date: 2017-09-01 Minimum: 50.0 Maximum: 65.0
Date: 2017-09-02 Minimum: 48.0 Maximum: 64.0
Date: 2017-09-03 Minimum: 47.0 Maximum: 62.0
No alert found for this forecast
Fetching data for city: Oulu
Network connectivity OK! Fetched data nicely
Date: 2017-08-30 Minimum: 53.0 Maximum: 61.0
Date: 2017-08-31 Minimum: 51.0 Maximum: 61.0
Date: 2017-09-01 Minimum: 47.0 Maximum: 59.0
Date: 2017-09-02 Minimum: 48.0 Maximum: 59.0
Date: 2017-09-03 Minimum: 48.0 Maximum: 60.0
No alert found for this forecast
Fetching data for city: Rovaniemi
Network connectivity OK! Fetched data nicely
Date: 2017-08-30 Minimum: 48.0 Maximum: 61.0
Date: 2017-08-31 Minimum: 46.0 Maximum: 62.0
Date: 2017-09-01 Minimum: 41.0 Maximum: 57.0
Date: 2017-09-02 Minimum: 43.0 Maximum: 55.0
Date: 2017-09-03 Minimum: 44.0 Maximum: 59.0
Weather alert @ 2017-09-01 and forecasted temperature: 41.0
Weather alert @ 2017-09-02 and forecasted temperature: 43.0
Weather alert @ 2017-09-03 and forecasted temperature: 44.0
*** *** *** *** *** *** *** *** *** ***
Weather service @ 30/08/17 04:00:10
Found cities: 3
Fetching data for city: Helsinki
Network connectivity OK! Fetched data nicely
Date: 2017-08-30 Minimum: 55.0 Maximum: 66.0
Date: 2017-08-31 Minimum: 58.0 Maximum: 63.0
Date: 2017-09-01 Minimum: 50.0 Maximum: 65.0
Date: 2017-09-02 Minimum: 48.0 Maximum: 64.0
Date: 2017-09-03 Minimum: 47.0 Maximum: 62.0
No alert found for this forecast
Fetching data for city: Oulu
Network connectivity OK! Fetched data nicely
Date: 2017-08-30 Minimum: 53.0 Maximum: 61.0
Date: 2017-08-31 Minimum: 51.0 Maximum: 61.0
Date: 2017-09-01 Minimum: 47.0 Maximum: 59.0
Date: 2017-09-02 Minimum: 48.0 Maximum: 59.0
Date: 2017-09-03 Minimum: 48.0 Maximum: 60.0
No alert found for this forecast
Fetching data for city: Rovaniemi
Network connectivity OK! Fetched data nicely
Date: 2017-08-30 Minimum: 48.0 Maximum: 61.0
Date: 2017-08-31 Minimum: 46.0 Maximum: 62.0
Date: 2017-09-01 Minimum: 41.0 Maximum: 57.0
Date: 2017-09-02 Minimum: 43.0 Maximum: 55.0
Date: 2017-09-03 Minimum: 44.0 Maximum: 59.0
Weather alert @ 2017-09-01 and forecasted temperature: 41.0
Weather alert @ 2017-09-02 and forecasted temperature: 43.0
Weather alert @ 2017-09-03 and forecasted temperature: 44.0
*** *** *** *** *** *** *** *** *** ***
Weather service @ 30/08/17 04:00:11
Found cities: 3
Fetching data for city: Helsinki
Network connectivity OK! Fetched data nicely
Date: 2017-08-30 Minimum: 55.0 Maximum: 66.0
Date: 2017-08-31 Minimum: 58.0 Maximum: 63.0
Date: 2017-09-01 Minimum: 50.0 Maximum: 65.0
Date: 2017-09-02 Minimum: 48.0 Maximum: 64.0
Date: 2017-09-03 Minimum: 47.0 Maximum: 62.0
No alert found for this forecast
Fetching data for city: Oulu
Network connectivity OK! Fetched data nicely
Date: 2017-08-30 Minimum: 53.0 Maximum: 61.0
Date: 2017-08-31 Minimum: 51.0 Maximum: 61.0
Date: 2017-09-01 Minimum: 47.0 Maximum: 59.0
Date: 2017-09-02 Minimum: 48.0 Maximum: 59.0
Date: 2017-09-03 Minimum: 48.0 Maximum: 60.0
No alert found for this forecast
Fetching data for city: Rovaniemi
Network connectivity OK! Fetched data nicely
Date: 2017-08-30 Minimum: 48.0 Maximum: 61.0
Date: 2017-08-31 Minimum: 46.0 Maximum: 62.0
Date: 2017-09-01 Minimum: 41.0 Maximum: 57.0
Date: 2017-09-02 Minimum: 43.0 Maximum: 55.0
Date: 2017-09-03 Minimum: 44.0 Maximum: 59.0
Weather alert @ 2017-09-01 and forecasted temperature: 41.0
Weather alert @ 2017-09-02 and forecasted temperature: 43.0
Weather alert @ 2017-09-03 and forecasted temperature: 44.0
*** *** *** *** *** *** *** *** *** ***
Weather service @ 30/08/17 04:00:12
Found cities: 3
Fetching data for city: Helsinki
Network connectivity OK! Fetched data nicely
Date: 2017-08-30 Minimum: 55.0 Maximum: 66.0
Date: 2017-08-31 Minimum: 58.0 Maximum: 63.0
Date: 2017-09-01 Minimum: 50.0 Maximum: 65.0
Date: 2017-09-02 Minimum: 48.0 Maximum: 64.0
Date: 2017-09-03 Minimum: 47.0 Maximum: 62.0
No alert found for this forecast
Fetching data for city: Oulu
Network connectivity OK! Fetched data nicely
Date: 2017-08-30 Minimum: 53.0 Maximum: 61.0
Date: 2017-08-31 Minimum: 51.0 Maximum: 61.0
Date: 2017-09-01 Minimum: 47.0 Maximum: 59.0
Date: 2017-09-02 Minimum: 48.0 Maximum: 59.0
Date: 2017-09-03 Minimum: 48.0 Maximum: 60.0
No alert found for this forecast
Fetching data for city: Rovaniemi
Network connectivity OK! Fetched data nicely
Date: 2017-08-30 Minimum: 48.0 Maximum: 61.0
Date: 2017-08-31 Minimum: 46.0 Maximum: 62.0
Date: 2017-09-01 Minimum: 41.0 Maximum: 57.0
Date: 2017-09-02 Minimum: 43.0 Maximum: 55.0
Date: 2017-09-03 Minimum: 44.0 Maximum: 59.0
Weather alert @ 2017-09-01 and forecasted temperature: 41.0
Weather alert @ 2017-09-02 and forecasted temperature: 43.0
Weather alert @ 2017-09-03 and forecasted temperature: 44.0
*** *** *** *** *** *** *** *** *** ***
Weather service @ 30/08/17 04:00:13
Found cities: 3
Fetching data for city: Helsinki
Network connectivity OK! Fetched data nicely
Date: 2017-08-30 Minimum: 55.0 Maximum: 66.0
Date: 2017-08-31 Minimum: 58.0 Maximum: 63.0
Date: 2017-09-01 Minimum: 50.0 Maximum: 65.0
Date: 2017-09-02 Minimum: 48.0 Maximum: 64.0
Date: 2017-09-03 Minimum: 47.0 Maximum: 62.0
No alert found for this forecast
Fetching data for city: Oulu
Network connectivity OK! Fetched data nicely
Date: 2017-08-30 Minimum: 53.0 Maximum: 61.0
Date: 2017-08-31 Minimum: 51.0 Maximum: 61.0
Date: 2017-09-01 Minimum: 47.0 Maximum: 59.0
Date: 2017-09-02 Minimum: 48.0 Maximum: 59.0
Date: 2017-09-03 Minimum: 48.0 Maximum: 60.0
No alert found for this forecast
Fetching data for city: Rovaniemi
Network connectivity OK! Fetched data nicely
Date: 2017-08-30 Minimum: 48.0 Maximum: 61.0
Date: 2017-08-31 Minimum: 46.0 Maximum: 62.0
Date: 2017-09-01 Minimum: 41.0 Maximum: 57.0
Date: 2017-09-02 Minimum: 43.0 Maximum: 55.0
Date: 2017-09-03 Minimum: 44.0 Maximum: 59.0
Weather alert @ 2017-09-01 and forecasted temperature: 41.0
Weather alert @ 2017-09-02 and forecasted temperature: 43.0
Weather alert @ 2017-09-03 and forecasted temperature: 44.0
*** *** *** *** *** *** *** *** *** ***
Weather service @ 30/08/17 04:00:14
Found cities: 3
Fetching data for city: Helsinki
Network connectivity OK! Fetched data nicely
Date: 2017-08-30 Minimum: 55.0 Maximum: 66.0
Date: 2017-08-31 Minimum: 58.0 Maximum: 63.0
Date: 2017-09-01 Minimum: 50.0 Maximum: 65.0
Date: 2017-09-02 Minimum: 48.0 Maximum: 64.0
Date: 2017-09-03 Minimum: 47.0 Maximum: 62.0
No alert found for this forecast
Fetching data for city: Oulu
Network connectivity OK! Fetched data nicely
Date: 2017-08-30 Minimum: 53.0 Maximum: 61.0
Date: 2017-08-31 Minimum: 51.0 Maximum: 61.0
Date: 2017-09-01 Minimum: 47.0 Maximum: 59.0
Date: 2017-09-02 Minimum: 48.0 Maximum: 59.0
Date: 2017-09-03 Minimum: 48.0 Maximum: 60.0
No alert found for this forecast
Fetching data for city: Rovaniemi
Network connectivity OK! Fetched data nicely
Date: 2017-08-30 Minimum: 48.0 Maximum: 61.0
Date: 2017-08-31 Minimum: 46.0 Maximum: 62.0
Date: 2017-09-01 Minimum: 41.0 Maximum: 57.0
Date: 2017-09-02 Minimum: 43.0 Maximum: 55.0
Date: 2017-09-03 Minimum: 44.0 Maximum: 59.0
Weather alert @ 2017-09-01 and forecasted temperature: 41.0
Weather alert @ 2017-09-02 and forecasted temperature: 43.0
Weather alert @ 2017-09-03 and forecasted temperature: 44.0
*** *** *** *** *** *** *** *** *** ***
Weather service @ 30/08/17 04:00:15
Found cities: 3
Fetching data for city: Helsinki
Network connectivity OK! Fetched data nicely
Date: 2017-08-30 Minimum: 55.0 Maximum: 66.0
Date: 2017-08-31 Minimum: 58.0 Maximum: 63.0
Date: 2017-09-01 Minimum: 50.0 Maximum: 65.0
Date: 2017-09-02 Minimum: 48.0 Maximum: 64.0
Date: 2017-09-03 Minimum: 47.0 Maximum: 62.0
No alert found for this forecast
Fetching data for city: Oulu
Network connectivity OK! Fetched data nicely
Date: 2017-08-30 Minimum: 53.0 Maximum: 61.0
Date: 2017-08-31 Minimum: 51.0 Maximum: 61.0
Date: 2017-09-01 Minimum: 47.0 Maximum: 59.0
Date: 2017-09-02 Minimum: 48.0 Maximum: 59.0
Date: 2017-09-03 Minimum: 48.0 Maximum: 60.0
No alert found for this forecast
Fetching data for city: Rovaniemi
Network connectivity OK! Fetched data nicely
Date: 2017-08-30 Minimum: 48.0 Maximum: 61.0
Date: 2017-08-31 Minimum: 46.0 Maximum: 62.0
Date: 2017-09-01 Minimum: 41.0 Maximum: 57.0
Date: 2017-09-02 Minimum: 43.0 Maximum: 55.0
Date: 2017-09-03 Minimum: 44.0 Maximum: 59.0
Weather alert @ 2017-09-01 and forecasted temperature: 41.0
Weather alert @ 2017-09-02 and forecasted temperature: 43.0
Weather alert @ 2017-09-03 and forecasted temperature: 44.0
*** *** *** *** *** *** *** *** *** ***
Weather service @ 30/08/17 04:00:16
Found cities: 3
Fetching data for city: Helsinki
Network connectivity OK! Fetched data nicely
Date: 2017-08-30 Minimum: 55.0 Maximum: 66.0
Date: 2017-08-31 Minimum: 58.0 Maximum: 63.0
Date: 2017-09-01 Minimum: 50.0 Maximum: 65.0
Date: 2017-09-02 Minimum: 48.0 Maximum: 64.0
Date: 2017-09-03 Minimum: 47.0 Maximum: 62.0
No alert found for this forecast
Fetching data for city: Oulu
Network connectivity OK! Fetched data nicely
Date: 2017-08-30 Minimum: 53.0 Maximum: 61.0
Date: 2017-08-31 Minimum: 51.0 Maximum: 61.0
Date: 2017-09-01 Minimum: 47.0 Maximum: 59.0
Date: 2017-09-02 Minimum: 48.0 Maximum: 59.0
Date: 2017-09-03 Minimum: 48.0 Maximum: 60.0
No alert found for this forecast
Fetching data for city: Rovaniemi
Network connectivity OK! Fetched data nicely
Date: 2017-08-30 Minimum: 48.0 Maximum: 61.0
Date: 2017-08-31 Minimum: 46.0 Maximum: 62.0
Date: 2017-09-01 Minimum: 41.0 Maximum: 57.0
Date: 2017-09-02 Minimum: 43.0 Maximum: 55.0
Date: 2017-09-03 Minimum: 44.0 Maximum: 59.0
Weather alert @ 2017-09-01 and forecasted temperature: 41.0
Weather alert @ 2017-09-02 and forecasted temperature: 43.0
Weather alert @ 2017-09-03 and forecasted temperature: 44.0
*** *** *** *** *** *** *** *** *** ***
Weather service @ 30/08/17 04:00:17
Found cities: 3
Fetching data for city: Helsinki
Network connectivity OK! Fetched data nicely
Date: 2017-08-30 Minimum: 55.0 Maximum: 66.0
Date: 2017-08-31 Minimum: 58.0 Maximum: 63.0
Date: 2017-09-01 Minimum: 50.0 Maximum: 65.0
Date: 2017-09-02 Minimum: 48.0 Maximum: 64.0
Date: 2017-09-03 Minimum: 47.0 Maximum: 62.0
No alert found for this forecast
Fetching data for city: Oulu
Network connectivity OK! Fetched data nicely
Date: 2017-08-30 Minimum: 53.0 Maximum: 61.0
Date: 2017-08-31 Minimum: 51.0 Maximum: 61.0
Date: 2017-09-01 Minimum: 47.0 Maximum: 59.0
Date: 2017-09-02 Minimum: 48.0 Maximum: 59.0
Date: 2017-09-03 Minimum: 48.0 Maximum: 60.0
No alert found for this forecast
Fetching data for city: Rovaniemi
Network connectivity OK! Fetched data nicely
Date: 2017-08-30 Minimum: 48.0 Maximum: 61.0
Date: 2017-08-31 Minimum: 46.0 Maximum: 62.0
Date: 2017-09-01 Minimum: 41.0 Maximum: 57.0
Date: 2017-09-02 Minimum: 43.0 Maximum: 55.0
Date: 2017-09-03 Minimum: 44.0 Maximum: 59.0
Weather alert @ 2017-09-01 and forecasted temperature: 41.0
Weather alert @ 2017-09-02 and forecasted temperature: 43.0
Weather alert @ 2017-09-03 and forecasted temperature: 44.0
*** *** *** *** *** *** *** *** *** ***
Weather service @ 30/08/17 04:00:18
Found cities: 3
Fetching data for city: Helsinki
Network connectivity OK! Fetched data nicely
Date: 2017-08-30 Minimum: 55.0 Maximum: 66.0
Date: 2017-08-31 Minimum: 58.0 Maximum: 63.0
Date: 2017-09-01 Minimum: 50.0 Maximum: 65.0
Date: 2017-09-02 Minimum: 48.0 Maximum: 64.0
Date: 2017-09-03 Minimum: 47.0 Maximum: 62.0
No alert found for this forecast
Fetching data for city: Oulu
Network connectivity OK! Fetched data nicely
Date: 2017-08-30 Minimum: 53.0 Maximum: 61.0
Date: 2017-08-31 Minimum: 51.0 Maximum: 61.0
Date: 2017-09-01 Minimum: 47.0 Maximum: 59.0
Date: 2017-09-02 Minimum: 48.0 Maximum: 59.0
Date: 2017-09-03 Minimum: 48.0 Maximum: 60.0
No alert found for this forecast
Fetching data for city: Rovaniemi
Network connectivity OK! Fetched data nicely
Date: 2017-08-30 Minimum: 48.0 Maximum: 61.0
Date: 2017-08-31 Minimum: 46.0 Maximum: 62.0
Date: 2017-09-01 Minimum: 41.0 Maximum: 57.0
Date: 2017-09-02 Minimum: 43.0 Maximum: 55.0
Date: 2017-09-03 Minimum: 44.0 Maximum: 59.0
Weather alert @ 2017-09-01 and forecasted temperature: 41.0
Weather alert @ 2017-09-02 and forecasted temperature: 43.0
Weather alert @ 2017-09-03 and forecasted temperature: 44.0
*** *** *** *** *** *** *** *** *** ***
Weather service @ 30/08/17 04:00:19
Found cities: 3
Fetching data for city: Helsinki
Network connectivity OK! Fetched data nicely
Date: 2017-08-30 Minimum: 55.0 Maximum: 66.0
Date: 2017-08-31 Minimum: 58.0 Maximum: 63.0
Date: 2017-09-01 Minimum: 50.0 Maximum: 65.0
Date: 2017-09-02 Minimum: 48.0 Maximum: 64.0
Date: 2017-09-03 Minimum: 47.0 Maximum: 62.0
No alert found for this forecast
Fetching data for city: Oulu
Network connectivity OK! Fetched data nicely
Date: 2017-08-30 Minimum: 53.0 Maximum: 61.0
Date: 2017-08-31 Minimum: 51.0 Maximum: 61.0
Date: 2017-09-01 Minimum: 47.0 Maximum: 59.0
Date: 2017-09-02 Minimum: 48.0 Maximum: 59.0
Date: 2017-09-03 Minimum: 48.0 Maximum: 60.0
No alert found for this forecast
Fetching data for city: Rovaniemi
Unable to connect to network
*** *** *** *** *** *** *** *** *** ***
Weather service @ 30/08/17 04:00:20
Found cities: 3
Fetching data for city: Helsinki
Network connectivity OK! Fetched data nicely
Date: 2017-08-30 Minimum: 55.0 Maximum: 66.0
Date: 2017-08-31 Minimum: 58.0 Maximum: 63.0
Date: 2017-09-01 Minimum: 50.0 Maximum: 65.0
Date: 2017-09-02 Minimum: 48.0 Maximum: 64.0
Date: 2017-09-03 Minimum: 47.0 Maximum: 62.0
No alert found for this forecast
Fetching data for city: Oulu
Unable to connect to network
Fetching data for city: Rovaniemi
Unable to connect to network
*** *** *** *** *** *** *** *** *** ***
Weather service @ 30/08/17 04:00:21
Found cities: 3
Fetching data for city: Helsinki
Unable to connect to network
Fetching data for city: Oulu
Unable to connect to network
Fetching data for city: Rovaniemi
Unable to connect to network
*** *** *** *** *** *** *** *** *** ***
Weather service @ 30/08/17 04:00:22
Found cities: 3
Fetching data for city: Helsinki
Unable to connect to network
Fetching data for city: Oulu
Unable to connect to network
Fetching data for city: Rovaniemi
Unable to connect to network
*** *** *** *** *** *** *** *** *** ***
Weather service @ 30/08/17 04:00:23
Found cities: 3
Fetching data for city: Helsinki
Unable to connect to network
Fetching data for city: Oulu
Unable to connect to network
Fetching data for city: Rovaniemi
Unable to connect to network
*** *** *** *** *** *** *** *** *** ***
Weather service @ 30/08/17 04:00:24
Found cities: 3
Fetching data for city: Helsinki
Unable to connect to network
Fetching data for city: Oulu
Unable to connect to network
Fetching data for city: Rovaniemi
Unable to connect to network
*** *** *** *** *** *** *** *** *** ***
Weather service @ 30/08/17 04:00:25
Found cities: 3
Fetching data for city: Helsinki
Unable to connect to network
Fetching data for city: Oulu
Unable to connect to network
Fetching data for city: Rovaniemi
Unable to connect to network
*** *** *** *** *** *** *** *** *** ***
Weather service @ 30/08/17 04:00:26
Found cities: 3
Fetching data for city: Helsinki
Unable to connect to network
Fetching data for city: Oulu
Unable to connect to network
Fetching data for city: Rovaniemi
Unable to connect to network
*** *** *** *** *** *** *** *** *** ***
Weather service @ 30/08/17 04:00:27
Found cities: 3
Fetching data for city: Helsinki
Unable to connect to network
Fetching data for city: Oulu
Unable to connect to network
Fetching data for city: Rovaniemi
Unable to connect to network
*** *** *** *** *** *** *** *** *** ***
Weather service @ 30/08/17 04:00:28
Found cities: 3
Fetching data for city: Helsinki
Unable to connect to network
Fetching data for city: Oulu
Unable to connect to network
Fetching data for city: Rovaniemi
Unable to connect to network
*** *** *** *** *** *** *** *** *** ***
Weather service @ 30/08/17 04:00:29
Found cities: 3
Fetching data for city: Helsinki
Unable to connect to network
Fetching data for city: Oulu
Unable to connect to network
Fetching data for city: Rovaniemi
Unable to connect to network
*** *** *** *** *** *** *** *** *** ***
Weather service @ 30/08/17 04:00:30
Found cities: 3
Fetching data for city: Helsinki
Unable to connect to network
Fetching data for city: Oulu
Unable to connect to network
Fetching data for city: Rovaniemi
Unable to connect to network
*** *** *** *** *** *** *** *** *** ***
Weather service @ 30/08/17 04:00:31
Found cities: 3
Fetching data for city: Helsinki
Unable to connect to network
Fetching data for city: Oulu
Unable to connect to network
Fetching data for city: Rovaniemi
Unable to connect to network
*** *** *** *** *** *** *** *** *** ***
Weather service @ 30/08/17 04:00:32
Found cities: 3
Fetching data for city: Helsinki
Unable to connect to network
Fetching data for city: Oulu
Unable to connect to network
Fetching data for city: Rovaniemi
Unable to connect to network
*** *** *** *** *** *** *** *** *** ***
Weather service @ 30/08/17 04:00:33
Found cities: 3
Fetching data for city: Helsinki
Unable to connect to network
Fetching data for city: Oulu
Unable to connect to network
Fetching data for city: Rovaniemi
Unable to connect to network
*** *** *** *** *** *** *** *** *** ***
Weather service @ 30/08/17 04:00:34
Found cities: 3
Fetching data for city: Helsinki
Unable to connect to network
Fetching data for city: Oulu
Unable to connect to network
Fetching data for city: Rovaniemi
Unable to connect to network
*** *** *** *** *** *** *** *** *** ***
Weather service @ 30/08/17 04:00:35
Found cities: 3
Fetching data for city: Helsinki
Unable to connect to network
Fetching data for city: Oulu
Unable to connect to network
Fetching data for city: Rovaniemi
Unable to connect to network
*** *** *** *** *** *** *** *** *** ***
Weather service @ 30/08/17 04:00:36
Found cities: 3
Fetching data for city: Helsinki
Unable to connect to network
Fetching data for city: Oulu
Unable to connect to network
Fetching data for city: Rovaniemi
Unable to connect to network
*** *** *** *** *** *** *** *** *** ***
Weather service @ 30/08/17 04:00:37
Found cities: 3
Fetching data for city: Helsinki
Unable to connect to network
Fetching data for city: Oulu
Unable to connect to network
Fetching data for city: Rovaniemi
Unable to connect to network
*** *** *** *** *** *** *** *** *** ***
Weather service @ 30/08/17 04:00:38
Found cities: 3
Fetching data for city: Helsinki
Unable to connect to network
Fetching data for city: Oulu
Unable to connect to network
Fetching data for city: Rovaniemi
Unable to connect to network
*** *** *** *** *** *** *** *** *** ***
Weather service @ 30/08/17 04:00:39
Found cities: 3
Fetching data for city: Helsinki
Unable to connect to network
Fetching data for city: Oulu
Unable to connect to network
Fetching data for city: Rovaniemi
Unable to connect to network
*** *** *** *** *** *** *** *** *** ***
Weather service @ 30/08/17 04:00:40
Found cities: 3
Fetching data for city: Helsinki
Unable to connect to network
Fetching data for city: Oulu
Unable to connect to network
Fetching data for city: Rovaniemi
Unable to connect to network
*** *** *** *** *** *** *** *** *** ***
Weather service @ 30/08/17 04:00:41
Found cities: 3
Fetching data for city: Helsinki
Unable to connect to network
Fetching data for city: Oulu
Unable to connect to network
Fetching data for city: Rovaniemi
Unable to connect to network
*** *** *** *** *** *** *** *** *** ***
Weather service @ 30/08/17 04:00:42
Found cities: 3
Fetching data for city: Helsinki
Unable to connect to network
Fetching data for city: Oulu
Unable to connect to network
Fetching data for city: Rovaniemi
Unable to connect to network
*** *** *** *** *** *** *** *** *** ***
Weather service @ 30/08/17 04:00:43
Found cities: 3
Fetching data for city: Helsinki
Unable to connect to network
Fetching data for city: Oulu
Unable to connect to network
Fetching data for city: Rovaniemi
Unable to connect to network
*** *** *** *** *** *** *** *** *** ***
Weather service @ 30/08/17 04:00:44
Found cities: 3
Fetching data for city: Helsinki
Unable to connect to network
Fetching data for city: Oulu
Unable to connect to network
Fetching data for city: Rovaniemi
Unable to connect to network
*** *** *** *** *** *** *** *** *** ***
Weather service @ 30/08/17 04:00:45
Found cities: 3
Fetching data for city: Helsinki
Unable to connect to network
Fetching data for city: Oulu
Unable to connect to network
Fetching data for city: Rovaniemi
Unable to connect to network
*** *** *** *** *** *** *** *** *** ***
Weather service @ 30/08/17 04:00:46
Found cities: 3
Fetching data for city: Helsinki
Unable to connect to network
Fetching data for city: Oulu
Unable to connect to network
Fetching data for city: Rovaniemi
Unable to connect to network
*** *** *** *** *** *** *** *** *** ***
Weather service @ 30/08/17 04:00:47
Found cities: 3
Fetching data for city: Helsinki
Unable to connect to network
Fetching data for city: Oulu
Unable to connect to network
Fetching data for city: Rovaniemi
Unable to connect to network
*** *** *** *** *** *** *** *** *** ***
Weather service @ 30/08/17 04:00:48
Found cities: 3
Fetching data for city: Helsinki
Unable to connect to network
Fetching data for city: Oulu
Unable to connect to network
Fetching data for city: Rovaniemi
Unable to connect to network
*** *** *** *** *** *** *** *** *** ***
Weather service @ 30/08/17 04:00:49
Found cities: 3
Fetching data for city: Helsinki
Unable to connect to network
Fetching data for city: Oulu
Unable to connect to network
Fetching data for city: Rovaniemi
Unable to connect to network
*** *** *** *** *** *** *** *** *** ***
Weather service @ 30/08/17 04:00:50
Found cities: 3
Fetching data for city: Helsinki
Unable to connect to network
Fetching data for city: Oulu
Unable to connect to network
Fetching data for city: Rovaniemi
Unable to connect to network
*** *** *** *** *** *** *** *** *** ***
Weather service @ 30/08/17 04:00:51
Found cities: 3
Fetching data for city: Helsinki
Unable to connect to network
Fetching data for city: Oulu
Unable to connect to network
Fetching data for city: Rovaniemi
Unable to connect to network
*** *** *** *** *** *** *** *** *** ***
Weather service @ 30/08/17 04:00:52
Found cities: 3
Fetching data for city: Helsinki
Unable to connect to network
Fetching data for city: Oulu
Unable to connect to network
Fetching data for city: Rovaniemi
Unable to connect to network
*** *** *** *** *** *** *** *** *** ***
Weather service @ 30/08/17 04:00:53
Found cities: 3
Fetching data for city: Helsinki
Unable to connect to network
Fetching data for city: Oulu
Unable to connect to network
Fetching data for city: Rovaniemi
Unable to connect to network
*** *** *** *** *** *** *** *** *** ***
Weather service @ 30/08/17 04:00:54
Found cities: 3
Fetching data for city: Helsinki
Unable to connect to network
Fetching data for city: Oulu
Unable to connect to network
Fetching data for city: Rovaniemi
Unable to connect to network
*** *** *** *** *** *** *** *** *** ***
Weather service @ 30/08/17 04:00:55
Found cities: 3
Fetching data for city: Helsinki
Unable to connect to network
Fetching data for city: Oulu
Unable to connect to network
Fetching data for city: Rovaniemi
Unable to connect to network
*** *** *** *** *** *** *** *** *** ***
Weather service @ 30/08/17 04:00:56
Found cities: 3
Fetching data for city: Helsinki
Unable to connect to network
Fetching data for city: Oulu
Unable to connect to network
Fetching data for city: Rovaniemi
Unable to connect to network
*** *** *** *** *** *** *** *** *** ***
Weather service @ 30/08/17 04:00:57
Found cities: 3
Fetching data for city: Helsinki
Unable to connect to network
Fetching data for city: Oulu
Unable to connect to network
Fetching data for city: Rovaniemi
Unable to connect to network
*** *** *** *** *** *** *** *** *** ***
Weather service @ 30/08/17 04:00:58
Found cities: 3
Fetching data for city: Helsinki
Unable to connect to network
Fetching data for city: Oulu
Unable to connect to network
Fetching data for city: Rovaniemi
Unable to connect to network
*** *** *** *** *** *** *** *** *** ***
Weather service @ 30/08/17 04:00:59
Found cities: 3
Fetching data for city: Helsinki
Unable to connect to network
Fetching data for city: Oulu
Unable to connect to network
Fetching data for city: Rovaniemi
Unable to connect to network
*** *** *** *** *** *** *** *** *** ***
Weather service @ 30/08/17 04:10:11
Found cities: 3
Fetching data for city: Helsinki
Date: 2017-08-28 Minimum: 46.0 Maximum: 60.0
Date: 2017-08-29 Minimum: 56.0 Maximum: 63.0
Date: 2017-08-30 Minimum: 55.0 Maximum: 66.0
Date: 2017-08-31 Minimum: 55.0 Maximum: 64.0
Date: 2017-09-01 Minimum: 50.0 Maximum: 64.0
No alert found for this forecast
Fetching data for city: Oulu
Date: 2017-08-28 Minimum: 46.0 Maximum: 60.0
Date: 2017-08-29 Minimum: 56.0 Maximum: 63.0
Date: 2017-08-30 Minimum: 55.0 Maximum: 66.0
Date: 2017-08-31 Minimum: 55.0 Maximum: 64.0
Date: 2017-09-01 Minimum: 50.0 Maximum: 64.0
No alert found for this forecast
Fetching data for city: Rovaniemi
Date: 2017-08-28 Minimum: 46.0 Maximum: 60.0
Date: 2017-08-29 Minimum: 56.0 Maximum: 63.0
Date: 2017-08-30 Minimum: 55.0 Maximum: 66.0
Date: 2017-08-31 Minimum: 55.0 Maximum: 64.0
Date: 2017-09-01 Minimum: 50.0 Maximum: 64.0
No alert found for this forecast
*** *** *** *** *** *** *** *** *** ***
Weather service @ 30/08/17 04:10:12
Found cities: 3
Fetching data for city: Helsinki
Date: 2017-08-28 Minimum: 46.0 Maximum: 60.0
Date: 2017-08-29 Minimum: 56.0 Maximum: 63.0
Date: 2017-08-30 Minimum: 55.0 Maximum: 66.0
Date: 2017-08-31 Minimum: 55.0 Maximum: 64.0
Date: 2017-09-01 Minimum: 50.0 Maximum: 64.0
No alert found for this forecast
Fetching data for city: Oulu
Date: 2017-08-28 Minimum: 46.0 Maximum: 60.0
Date: 2017-08-29 Minimum: 56.0 Maximum: 63.0
Date: 2017-08-30 Minimum: 55.0 Maximum: 66.0
Date: 2017-08-31 Minimum: 55.0 Maximum: 64.0
Date: 2017-09-01 Minimum: 50.0 Maximum: 64.0
No alert found for this forecast
Fetching data for city: Rovaniemi
Date: 2017-08-28 Minimum: 46.0 Maximum: 60.0
Date: 2017-08-29 Minimum: 56.0 Maximum: 63.0
Date: 2017-08-30 Minimum: 55.0 Maximum: 66.0
Date: 2017-08-31 Minimum: 55.0 Maximum: 64.0
Date: 2017-09-01 Minimum: 50.0 Maximum: 64.0
No alert found for this forecast
*** *** *** *** *** *** *** *** *** ***
Weather service @ 30/08/17 04:10:13
Found cities: 3
Fetching data for city: Helsinki
Date: 2017-08-28 Minimum: 46.0 Maximum: 60.0
Date: 2017-08-29 Minimum: 56.0 Maximum: 63.0
Date: 2017-08-30 Minimum: 55.0 Maximum: 66.0
Date: 2017-08-31 Minimum: 55.0 Maximum: 64.0
Date: 2017-09-01 Minimum: 50.0 Maximum: 64.0
No alert found for this forecast
Fetching data for city: Oulu
Date: 2017-08-28 Minimum: 46.0 Maximum: 60.0
Date: 2017-08-29 Minimum: 56.0 Maximum: 63.0
Date: 2017-08-30 Minimum: 55.0 Maximum: 66.0
Date: 2017-08-31 Minimum: 55.0 Maximum: 64.0
Date: 2017-09-01 Minimum: 50.0 Maximum: 64.0
No alert found for this forecast
Fetching data for city: Rovaniemi
Date: 2017-08-28 Minimum: 46.0 Maximum: 60.0
Date: 2017-08-29 Minimum: 56.0 Maximum: 63.0
Date: 2017-08-30 Minimum: 55.0 Maximum: 66.0
Date: 2017-08-31 Minimum: 55.0 Maximum: 64.0
Date: 2017-09-01 Minimum: 50.0 Maximum: 64.0
No alert found for this forecast
*** *** *** *** *** *** *** *** *** ***
Weather service @ 30/08/17 04:10:14
Found cities: 3
Fetching data for city: Helsinki
Date: 2017-08-28 Minimum: 46.0 Maximum: 60.0
Date: 2017-08-29 Minimum: 56.0 Maximum: 63.0
Date: 2017-08-30 Minimum: 55.0 Maximum: 66.0
Date: 2017-08-31 Minimum: 55.0 Maximum: 64.0
Date: 2017-09-01 Minimum: 50.0 Maximum: 64.0
No alert found for this forecast
Fetching data for city: Oulu
Date: 2017-08-28 Minimum: 46.0 Maximum: 60.0
Date: 2017-08-29 Minimum: 56.0 Maximum: 63.0
Date: 2017-08-30 Minimum: 55.0 Maximum: 66.0
Date: 2017-08-31 Minimum: 55.0 Maximum: 64.0
Date: 2017-09-01 Minimum: 50.0 Maximum: 64.0
No alert found for this forecast
Fetching data for city: Rovaniemi
Date: 2017-08-28 Minimum: 46.0 Maximum: 60.0
Date: 2017-08-29 Minimum: 56.0 Maximum: 63.0
Date: 2017-08-30 Minimum: 55.0 Maximum: 66.0
Date: 2017-08-31 Minimum: 55.0 Maximum: 64.0
Date: 2017-09-01 Minimum: 50.0 Maximum: 64.0
No alert found for this forecast
*** *** *** *** *** *** *** *** *** ***
Weather service @ 30/08/17 04:10:15
Found cities: 3
Fetching data for city: Helsinki
Date: 2017-08-28 Minimum: 46.0 Maximum: 60.0
Date: 2017-08-29 Minimum: 56.0 Maximum: 63.0
Date: 2017-08-30 Minimum: 55.0 Maximum: 66.0
Date: 2017-08-31 Minimum: 55.0 Maximum: 64.0
Date: 2017-09-01 Minimum: 50.0 Maximum: 64.0
No alert found for this forecast
Fetching data for city: Oulu
Date: 2017-08-28 Minimum: 46.0 Maximum: 60.0
Date: 2017-08-29 Minimum: 56.0 Maximum: 63.0
Date: 2017-08-30 Minimum: 55.0 Maximum: 66.0
Date: 2017-08-31 Minimum: 55.0 Maximum: 64.0
Date: 2017-09-01 Minimum: 50.0 Maximum: 64.0
No alert found for this forecast
Fetching data for city: Rovaniemi
Date: 2017-08-28 Minimum: 46.0 Maximum: 60.0
Date: 2017-08-29 Minimum: 56.0 Maximum: 63.0
Date: 2017-08-30 Minimum: 55.0 Maximum: 66.0
Date: 2017-08-31 Minimum: 55.0 Maximum: 64.0
Date: 2017-09-01 Minimum: 50.0 Maximum: 64.0
No alert found for this forecast
*** *** *** *** *** *** *** *** *** ***
Weather service @ 30/08/17 04:10:16
Found cities: 3
Fetching data for city: Helsinki
Date: 2017-08-28 Minimum: 46.0 Maximum: 60.0
Date: 2017-08-29 Minimum: 56.0 Maximum: 63.0
Date: 2017-08-30 Minimum: 55.0 Maximum: 66.0
Date: 2017-08-31 Minimum: 55.0 Maximum: 64.0
Date: 2017-09-01 Minimum: 50.0 Maximum: 64.0
No alert found for this forecast
Fetching data for city: Oulu
Date: 2017-08-28 Minimum: 46.0 Maximum: 60.0
Date: 2017-08-29 Minimum: 56.0 Maximum: 63.0
Date: 2017-08-30 Minimum: 55.0 Maximum: 66.0
Date: 2017-08-31 Minimum: 55.0 Maximum: 64.0
Date: 2017-09-01 Minimum: 50.0 Maximum: 64.0
No alert found for this forecast
Fetching data for city: Rovaniemi
Date: 2017-08-28 Minimum: 46.0 Maximum: 60.0
Date: 2017-08-29 Minimum: 56.0 Maximum: 63.0
Date: 2017-08-30 Minimum: 55.0 Maximum: 66.0
Date: 2017-08-31 Minimum: 55.0 Maximum: 64.0
Date: 2017-09-01 Minimum: 50.0 Maximum: 64.0
No alert found for this forecast
*** *** *** *** *** *** *** *** *** ***
Weather service @ 30/08/17 04:10:17
Found cities: 3
Fetching data for city: Helsinki
Date: 2017-08-28 Minimum: 46.0 Maximum: 60.0
Date: 2017-08-29 Minimum: 56.0 Maximum: 63.0
Date: 2017-08-30 Minimum: 55.0 Maximum: 66.0
Date: 2017-08-31 Minimum: 55.0 Maximum: 64.0
Date: 2017-09-01 Minimum: 50.0 Maximum: 64.0
No alert found for this forecast
Fetching data for city: Oulu
Date: 2017-08-28 Minimum: 46.0 Maximum: 60.0
Date: 2017-08-29 Minimum: 56.0 Maximum: 63.0
Date: 2017-08-30 Minimum: 55.0 Maximum: 66.0
Date: 2017-08-31 Minimum: 55.0 Maximum: 64.0
Date: 2017-09-01 Minimum: 50.0 Maximum: 64.0
No alert found for this forecast
Fetching data for city: Rovaniemi
Date: 2017-08-28 Minimum: 46.0 Maximum: 60.0
Date: 2017-08-29 Minimum: 56.0 Maximum: 63.0
Date: 2017-08-30 Minimum: 55.0 Maximum: 66.0
Date: 2017-08-31 Minimum: 55.0 Maximum: 64.0
Date: 2017-09-01 Minimum: 50.0 Maximum: 64.0
No alert found for this forecast
*** *** *** *** *** *** *** *** *** ***
Weather service @ 30/08/17 04:10:18
Found cities: 3
Fetching data for city: Helsinki
Date: 2017-08-28 Minimum: 46.0 Maximum: 60.0
Date: 2017-08-29 Minimum: 56.0 Maximum: 63.0
Date: 2017-08-30 Minimum: 55.0 Maximum: 66.0
Date: 2017-08-31 Minimum: 55.0 Maximum: 64.0
Date: 2017-09-01 Minimum: 50.0 Maximum: 64.0
No alert found for this forecast
Fetching data for city: Oulu
Date: 2017-08-28 Minimum: 46.0 Maximum: 60.0
Date: 2017-08-29 Minimum: 56.0 Maximum: 63.0
Date: 2017-08-30 Minimum: 55.0 Maximum: 66.0
Date: 2017-08-31 Minimum: 55.0 Maximum: 64.0
Date: 2017-09-01 Minimum: 50.0 Maximum: 64.0
No alert found for this forecast
Fetching data for city: Rovaniemi
Date: 2017-08-28 Minimum: 46.0 Maximum: 60.0
Date: 2017-08-29 Minimum: 56.0 Maximum: 63.0
Date: 2017-08-30 Minimum: 55.0 Maximum: 66.0
Date: 2017-08-31 Minimum: 55.0 Maximum: 64.0
Date: 2017-09-01 Minimum: 50.0 Maximum: 64.0
No alert found for this forecast
*** *** *** *** *** *** *** *** *** ***
Weather service @ 30/08/17 04:10:19
Found cities: 3
Fetching data for city: Helsinki
Date: 2017-08-28 Minimum: 46.0 Maximum: 60.0
Date: 2017-08-29 Minimum: 56.0 Maximum: 63.0
Date: 2017-08-30 Minimum: 55.0 Maximum: 66.0
Date: 2017-08-31 Minimum: 55.0 Maximum: 64.0
Date: 2017-09-01 Minimum: 50.0 Maximum: 64.0
No alert found for this forecast
Fetching data for city: Oulu
Date: 2017-08-28 Minimum: 46.0 Maximum: 60.0
Date: 2017-08-29 Minimum: 56.0 Maximum: 63.0
Date: 2017-08-30 Minimum: 55.0 Maximum: 66.0
Date: 2017-08-31 Minimum: 55.0 Maximum: 64.0
Date: 2017-09-01 Minimum: 50.0 Maximum: 64.0
No alert found for this forecast
Fetching data for city: Rovaniemi
Date: 2017-08-28 Minimum: 46.0 Maximum: 60.0
Date: 2017-08-29 Minimum: 56.0 Maximum: 63.0
Date: 2017-08-30 Minimum: 55.0 Maximum: 66.0
Date: 2017-08-31 Minimum: 55.0 Maximum: 64.0
Date: 2017-09-01 Minimum: 50.0 Maximum: 64.0
No alert found for this forecast
*** *** *** *** *** *** *** *** *** ***
Weather service @ 30/08/17 04:10:20
Found cities: 3
Fetching data for city: Helsinki
Date: 2017-08-28 Minimum: 46.0 Maximum: 60.0
Date: 2017-08-29 Minimum: 56.0 Maximum: 63.0
Date: 2017-08-30 Minimum: 55.0 Maximum: 66.0
Date: 2017-08-31 Minimum: 55.0 Maximum: 64.0
Date: 2017-09-01 Minimum: 50.0 Maximum: 64.0
No alert found for this forecast
Fetching data for city: Oulu
Date: 2017-08-28 Minimum: 46.0 Maximum: 60.0
Date: 2017-08-29 Minimum: 56.0 Maximum: 63.0
Date: 2017-08-30 Minimum: 55.0 Maximum: 66.0
Date: 2017-08-31 Minimum: 55.0 Maximum: 64.0
Date: 2017-09-01 Minimum: 50.0 Maximum: 64.0
No alert found for this forecast
Fetching data for city: Rovaniemi
Date: 2017-08-28 Minimum: 46.0 Maximum: 60.0
Date: 2017-08-29 Minimum: 56.0 Maximum: 63.0
Date: 2017-08-30 Minimum: 55.0 Maximum: 66.0
Date: 2017-08-31 Minimum: 55.0 Maximum: 64.0
Date: 2017-09-01 Minimum: 50.0 Maximum: 64.0
No alert found for this forecast
*** *** *** *** *** *** *** *** *** ***
Weather service @ 30/08/17 04:10:21
Found cities: 3
Fetching data for city: Helsinki
Date: 2017-08-28 Minimum: 46.0 Maximum: 60.0
Date: 2017-08-29 Minimum: 56.0 Maximum: 63.0
Date: 2017-08-30 Minimum: 55.0 Maximum: 66.0
Date: 2017-08-31 Minimum: 55.0 Maximum: 64.0
Date: 2017-09-01 Minimum: 50.0 Maximum: 64.0
No alert found for this forecast
Fetching data for city: Oulu
Date: 2017-08-28 Minimum: 46.0 Maximum: 60.0
Date: 2017-08-29 Minimum: 56.0 Maximum: 63.0
Date: 2017-08-30 Minimum: 55.0 Maximum: 66.0
Date: 2017-08-31 Minimum: 55.0 Maximum: 64.0
Date: 2017-09-01 Minimum: 50.0 Maximum: 64.0
No alert found for this forecast
Fetching data for city: Rovaniemi
Date: 2017-08-28 Minimum: 46.0 Maximum: 60.0
Date: 2017-08-29 Minimum: 56.0 Maximum: 63.0
Date: 2017-08-30 Minimum: 55.0 Maximum: 66.0
Date: 2017-08-31 Minimum: 55.0 Maximum: 64.0
Date: 2017-09-01 Minimum: 50.0 Maximum: 64.0
No alert found for this forecast
*** *** *** *** *** *** *** *** *** ***
Weather service @ 30/08/17 04:10:22
Found cities: 3
Fetching data for city: Helsinki
Date: 2017-08-28 Minimum: 46.0 Maximum: 60.0
Date: 2017-08-29 Minimum: 56.0 Maximum: 63.0
Date: 2017-08-30 Minimum: 55.0 Maximum: 66.0
Date: 2017-08-31 Minimum: 55.0 Maximum: 64.0
Date: 2017-09-01 Minimum: 50.0 Maximum: 64.0
No alert found for this forecast
Fetching data for city: Oulu
Date: 2017-08-28 Minimum: 46.0 Maximum: 60.0
Date: 2017-08-29 Minimum: 56.0 Maximum: 63.0
Date: 2017-08-30 Minimum: 55.0 Maximum: 66.0
Date: 2017-08-31 Minimum: 55.0 Maximum: 64.0
Date: 2017-09-01 Minimum: 50.0 Maximum: 64.0
No alert found for this forecast
Fetching data for city: Rovaniemi
Date: 2017-08-28 Minimum: 46.0 Maximum: 60.0
Date: 2017-08-29 Minimum: 56.0 Maximum: 63.0
Date: 2017-08-30 Minimum: 55.0 Maximum: 66.0
Date: 2017-08-31 Minimum: 55.0 Maximum: 64.0
Date: 2017-09-01 Minimum: 50.0 Maximum: 64.0
No alert found for this forecast
*** *** *** *** *** *** *** *** *** ***
Weather service @ 30/08/17 04:10:23
Found cities: 3
Fetching data for city: Helsinki
Date: 2017-08-28 Minimum: 46.0 Maximum: 60.0
Date: 2017-08-29 Minimum: 56.0 Maximum: 63.0
Date: 2017-08-30 Minimum: 55.0 Maximum: 66.0
Date: 2017-08-31 Minimum: 55.0 Maximum: 64.0
Date: 2017-09-01 Minimum: 50.0 Maximum: 64.0
No alert found for this forecast
Fetching data for city: Oulu
Date: 2017-08-28 Minimum: 46.0 Maximum: 60.0
Date: 2017-08-29 Minimum: 56.0 Maximum: 63.0
Date: 2017-08-30 Minimum: 55.0 Maximum: 66.0
Date: 2017-08-31 Minimum: 55.0 Maximum: 64.0
Date: 2017-09-01 Minimum: 50.0 Maximum: 64.0
No alert found for this forecast
Fetching data for city: Rovaniemi
Date: 2017-08-28 Minimum: 46.0 Maximum: 60.0
Date: 2017-08-29 Minimum: 56.0 Maximum: 63.0
Date: 2017-08-30 Minimum: 55.0 Maximum: 66.0
Date: 2017-08-31 Minimum: 55.0 Maximum: 64.0
Date: 2017-09-01 Minimum: 50.0 Maximum: 64.0
No alert found for this forecast
*** *** *** *** *** *** *** *** *** ***
Weather service @ 30/08/17 04:10:24
Found cities: 3
Fetching data for city: Helsinki
Date: 2017-08-28 Minimum: 46.0 Maximum: 60.0
Date: 2017-08-29 Minimum: 56.0 Maximum: 63.0
Date: 2017-08-30 Minimum: 55.0 Maximum: 66.0
Date: 2017-08-31 Minimum: 55.0 Maximum: 64.0
Date: 2017-09-01 Minimum: 50.0 Maximum: 64.0
No alert found for this forecast
Fetching data for city: Oulu
Date: 2017-08-28 Minimum: 46.0 Maximum: 60.0
Date: 2017-08-29 Minimum: 56.0 Maximum: 63.0
Date: 2017-08-30 Minimum: 55.0 Maximum: 66.0
Date: 2017-08-31 Minimum: 55.0 Maximum: 64.0
Date: 2017-09-01 Minimum: 50.0 Maximum: 64.0
No alert found for this forecast
Fetching data for city: Rovaniemi
Date: 2017-08-28 Minimum: 46.0 Maximum: 60.0
Date: 2017-08-29 Minimum: 56.0 Maximum: 63.0
Date: 2017-08-30 Minimum: 55.0 Maximum: 66.0
Date: 2017-08-31 Minimum: 55.0 Maximum: 64.0
Date: 2017-09-01 Minimum: 50.0 Maximum: 64.0
No alert found for this forecast
*** *** *** *** *** *** *** *** *** ***
Weather service @ 30/08/17 04:12:00
Found cities: 3
Fetching data for city: Helsinki
Date: 2017-08-28 Minimum: 46.0 Maximum: 60.0
Date: 2017-08-29 Minimum: 56.0 Maximum: 63.0
Date: 2017-08-30 Minimum: 55.0 Maximum: 66.0
Date: 2017-08-31 Minimum: 55.0 Maximum: 64.0
Date: 2017-09-01 Minimum: 50.0 Maximum: 64.0
No alert found for this forecast
Fetching data for city: Oulu
Date: 2017-08-28 Minimum: 46.0 Maximum: 60.0
Date: 2017-08-29 Minimum: 56.0 Maximum: 63.0
Date: 2017-08-30 Minimum: 55.0 Maximum: 66.0
Date: 2017-08-31 Minimum: 55.0 Maximum: 64.0
Date: 2017-09-01 Minimum: 50.0 Maximum: 64.0
No alert found for this forecast
Fetching data for city: Rovaniemi
Date: 2017-08-28 Minimum: 46.0 Maximum: 60.0
Date: 2017-08-29 Minimum: 56.0 Maximum: 63.0
Date: 2017-08-30 Minimum: 55.0 Maximum: 66.0
Date: 2017-08-31 Minimum: 55.0 Maximum: 64.0
Date: 2017-09-01 Minimum: 50.0 Maximum: 64.0
No alert found for this forecast
*** *** *** *** *** *** *** *** *** ***
Weather service @ 30/08/17 04:13:00
Found cities: 3
Fetching data for city: Helsinki
Date: 2017-08-28 Minimum: 46.0 Maximum: 60.0
Date: 2017-08-29 Minimum: 56.0 Maximum: 63.0
Date: 2017-08-30 Minimum: 55.0 Maximum: 66.0
Date: 2017-08-31 Minimum: 55.0 Maximum: 64.0
Date: 2017-09-01 Minimum: 50.0 Maximum: 64.0
No alert found for this forecast
Fetching data for city: Oulu
Date: 2017-08-28 Minimum: 46.0 Maximum: 60.0
Date: 2017-08-29 Minimum: 56.0 Maximum: 63.0
Date: 2017-08-30 Minimum: 55.0 Maximum: 66.0
Date: 2017-08-31 Minimum: 55.0 Maximum: 64.0
Date: 2017-09-01 Minimum: 50.0 Maximum: 64.0
No alert found for this forecast
Fetching data for city: Rovaniemi
Date: 2017-08-28 Minimum: 46.0 Maximum: 60.0
Date: 2017-08-29 Minimum: 56.0 Maximum: 63.0
Date: 2017-08-30 Minimum: 55.0 Maximum: 66.0
Date: 2017-08-31 Minimum: 55.0 Maximum: 64.0
Date: 2017-09-01 Minimum: 50.0 Maximum: 64.0
No alert found for this forecast
*** *** *** *** *** *** *** *** *** ***
Weather service @ 30/08/17 04:17:00
Found cities: 3
Fetching data for city: Helsinki
Date: 2017-08-28 Minimum: 46.0 Maximum: 60.0
Date: 2017-08-29 Minimum: 56.0 Maximum: 63.0
Date: 2017-08-30 Minimum: 55.0 Maximum: 66.0
Date: 2017-08-31 Minimum: 55.0 Maximum: 64.0
Date: 2017-09-01 Minimum: 50.0 Maximum: 64.0
No alert found for this forecast
Fetching data for city: Oulu
Date: 2017-08-28 Minimum: 46.0 Maximum: 60.0
Date: 2017-08-29 Minimum: 56.0 Maximum: 63.0
Date: 2017-08-30 Minimum: 55.0 Maximum: 66.0
Date: 2017-08-31 Minimum: 55.0 Maximum: 64.0
Date: 2017-09-01 Minimum: 50.0 Maximum: 64.0
No alert found for this forecast
Fetching data for city: Rovaniemi
Date: 2017-08-28 Minimum: 46.0 Maximum: 60.0
Date: 2017-08-29 Minimum: 56.0 Maximum: 63.0
Date: 2017-08-30 Minimum: 55.0 Maximum: 66.0
Date: 2017-08-31 Minimum: 55.0 Maximum: 64.0
Date: 2017-09-01 Minimum: 50.0 Maximum: 64.0
No alert found for this forecast
*** *** *** *** *** *** *** *** *** ***
Weather service @ 30/08/17 04:18:00
Found cities: 3
Fetching data for city: Helsinki
Date: 2017-08-28 Minimum: 46.0 Maximum: 60.0
Date: 2017-08-29 Minimum: 56.0 Maximum: 63.0
Date: 2017-08-30 Minimum: 55.0 Maximum: 66.0
Date: 2017-08-31 Minimum: 55.0 Maximum: 64.0
Date: 2017-09-01 Minimum: 50.0 Maximum: 64.0
No alert found for this forecast
Fetching data for city: Oulu
Date: 2017-08-28 Minimum: 46.0 Maximum: 60.0
Date: 2017-08-29 Minimum: 56.0 Maximum: 63.0
Date: 2017-08-30 Minimum: 55.0 Maximum: 66.0
Date: 2017-08-31 Minimum: 55.0 Maximum: 64.0
Date: 2017-09-01 Minimum: 50.0 Maximum: 64.0
No alert found for this forecast
Fetching data for city: Rovaniemi
Date: 2017-08-28 Minimum: 46.0 Maximum: 60.0
Date: 2017-08-29 Minimum: 56.0 Maximum: 63.0
Date: 2017-08-30 Minimum: 55.0 Maximum: 66.0
Date: 2017-08-31 Minimum: 55.0 Maximum: 64.0
Date: 2017-09-01 Minimum: 50.0 Maximum: 64.0
No alert found for this forecast
*** *** *** *** *** *** *** *** *** ***
Weather service @ 30/08/17 04:19:00
Found cities: 3
Fetching data for city: Helsinki
Date: 2017-08-28 Minimum: 46.0 Maximum: 60.0
Date: 2017-08-29 Minimum: 56.0 Maximum: 63.0
Date: 2017-08-30 Minimum: 55.0 Maximum: 66.0
Date: 2017-08-31 Minimum: 55.0 Maximum: 64.0
Date: 2017-09-01 Minimum: 50.0 Maximum: 64.0
No alert found for this forecast
Fetching data for city: Oulu
Date: 2017-08-28 Minimum: 46.0 Maximum: 60.0
Date: 2017-08-29 Minimum: 56.0 Maximum: 63.0
Date: 2017-08-30 Minimum: 55.0 Maximum: 66.0
Date: 2017-08-31 Minimum: 55.0 Maximum: 64.0
Date: 2017-09-01 Minimum: 50.0 Maximum: 64.0
No alert found for this forecast
Fetching data for city: Rovaniemi
Date: 2017-08-28 Minimum: 46.0 Maximum: 60.0
Date: 2017-08-29 Minimum: 56.0 Maximum: 63.0
Date: 2017-08-30 Minimum: 55.0 Maximum: 66.0
Date: 2017-08-31 Minimum: 55.0 Maximum: 64.0
Date: 2017-09-01 Minimum: 50.0 Maximum: 64.0
No alert found for this forecast
*** *** *** *** *** *** *** *** *** ***
Weather service @ 30/08/17 04:21:00
Found cities: 3
Fetching data for city: Helsinki
Date: 2017-08-28 Minimum: 46.0 Maximum: 60.0
Date: 2017-08-29 Minimum: 56.0 Maximum: 63.0
Date: 2017-08-30 Minimum: 55.0 Maximum: 66.0
Date: 2017-08-31 Minimum: 55.0 Maximum: 64.0
Date: 2017-09-01 Minimum: 50.0 Maximum: 64.0
No alert found for this forecast
Fetching data for city: Oulu
Date: 2017-08-28 Minimum: 46.0 Maximum: 60.0
Date: 2017-08-29 Minimum: 56.0 Maximum: 63.0
Date: 2017-08-30 Minimum: 55.0 Maximum: 66.0
Date: 2017-08-31 Minimum: 55.0 Maximum: 64.0
Date: 2017-09-01 Minimum: 50.0 Maximum: 64.0
No alert found for this forecast
Fetching data for city: Rovaniemi
Date: 2017-08-28 Minimum: 46.0 Maximum: 60.0
Date: 2017-08-29 Minimum: 56.0 Maximum: 63.0
Date: 2017-08-30 Minimum: 55.0 Maximum: 66.0
Date: 2017-08-31 Minimum: 55.0 Maximum: 64.0
Date: 2017-09-01 Minimum: 50.0 Maximum: 64.0
No alert found for this forecast
*** *** *** *** *** *** *** *** *** ***
Weather service @ 30/08/17 04:22:00
Found cities: 3
Fetching data for city: Helsinki
Date: 2017-08-28 Minimum: 46.0 Maximum: 60.0
Date: 2017-08-29 Minimum: 56.0 Maximum: 63.0
Date: 2017-08-30 Minimum: 55.0 Maximum: 66.0
Date: 2017-08-31 Minimum: 55.0 Maximum: 64.0
Date: 2017-09-01 Minimum: 50.0 Maximum: 64.0
No alert found for this forecast
Fetching data for city: Oulu
Date: 2017-08-28 Minimum: 46.0 Maximum: 60.0
Date: 2017-08-29 Minimum: 56.0 Maximum: 63.0
Date: 2017-08-30 Minimum: 55.0 Maximum: 66.0
Date: 2017-08-31 Minimum: 55.0 Maximum: 64.0
Date: 2017-09-01 Minimum: 50.0 Maximum: 64.0
No alert found for this forecast
Fetching data for city: Rovaniemi
Date: 2017-08-28 Minimum: 46.0 Maximum: 60.0
Date: 2017-08-29 Minimum: 56.0 Maximum: 63.0
Date: 2017-08-30 Minimum: 55.0 Maximum: 66.0
Date: 2017-08-31 Minimum: 55.0 Maximum: 64.0
Date: 2017-09-01 Minimum: 50.0 Maximum: 64.0
No alert found for this forecast
*** *** *** *** *** *** *** *** *** ***
Weather service @ 30/08/17 04:23:00
Found cities: 3
Fetching data for city: Helsinki
Date: 2017-08-28 Minimum: 46.0 Maximum: 60.0
Date: 2017-08-29 Minimum: 56.0 Maximum: 63.0
Date: 2017-08-30 Minimum: 55.0 Maximum: 66.0
Date: 2017-08-31 Minimum: 55.0 Maximum: 64.0
Date: 2017-09-01 Minimum: 50.0 Maximum: 64.0
No alert found for this forecast
Fetching data for city: Oulu
Date: 2017-08-28 Minimum: 46.0 Maximum: 60.0
Date: 2017-08-29 Minimum: 56.0 Maximum: 63.0
Date: 2017-08-30 Minimum: 55.0 Maximum: 66.0
Date: 2017-08-31 Minimum: 55.0 Maximum: 64.0
Date: 2017-09-01 Minimum: 50.0 Maximum: 64.0
No alert found for this forecast
Fetching data for city: Rovaniemi
Date: 2017-08-28 Minimum: 46.0 Maximum: 60.0
Date: 2017-08-29 Minimum: 56.0 Maximum: 63.0
Date: 2017-08-30 Minimum: 55.0 Maximum: 66.0
Date: 2017-08-31 Minimum: 55.0 Maximum: 64.0
Date: 2017-09-01 Minimum: 50.0 Maximum: 64.0
No alert found for this forecast
*** *** *** *** *** *** *** *** *** ***
Weather service @ 30/08/17 04:24:00
Found cities: 3
Fetching data for city: Helsinki
Date: 2017-08-28 Minimum: 46.0 Maximum: 60.0
Date: 2017-08-29 Minimum: 56.0 Maximum: 63.0
Date: 2017-08-30 Minimum: 55.0 Maximum: 66.0
Date: 2017-08-31 Minimum: 55.0 Maximum: 64.0
Date: 2017-09-01 Minimum: 50.0 Maximum: 64.0
No alert found for this forecast
Fetching data for city: Oulu
Date: 2017-08-28 Minimum: 46.0 Maximum: 60.0
Date: 2017-08-29 Minimum: 56.0 Maximum: 63.0
Date: 2017-08-30 Minimum: 55.0 Maximum: 66.0
Date: 2017-08-31 Minimum: 55.0 Maximum: 64.0
Date: 2017-09-01 Minimum: 50.0 Maximum: 64.0
No alert found for this forecast
Fetching data for city: Rovaniemi
Date: 2017-08-28 Minimum: 46.0 Maximum: 60.0
Date: 2017-08-29 Minimum: 56.0 Maximum: 63.0
Date: 2017-08-30 Minimum: 55.0 Maximum: 66.0
Date: 2017-08-31 Minimum: 55.0 Maximum: 64.0
Date: 2017-09-01 Minimum: 50.0 Maximum: 64.0
No alert found for this forecast
*** *** *** *** *** *** *** *** *** ***
